[2025-12-12 09:28:18] Loaded 1,113,750 patterns
[2025-12-12 09:28:18] Resuming from index 0 (0.0%)
[2025-12-12 09:29:32] Reached limit of 50 checks
[2025-12-12 09:29:32] ==================================================
[2025-12-12 09:29:32] Final Stats for .ai:
[2025-12-12 09:29:32]   Checked: 50
[2025-12-12 09:29:32]   Available: 45
[2025-12-12 09:29:32]   Taken: 5
[2025-12-12 09:29:32]   Errors: 0
[2025-12-12 09:29:32]   Availability Rate: 90.0%
[2025-12-12 09:29:32] ==================================================
[2025-12-12 09:37:33] Loaded 1,113,750 patterns
[2025-12-12 09:37:33] Resuming from index 0 (0.0%)
[2025-12-12 09:41:38] Progress: 99/1,113,750 (0.0%) | Available: 88 (88.0%) | Errors: 0
[2025-12-12 09:45:48] Progress: 199/1,113,750 (0.0%) | Available: 184 (92.0%) | Errors: 0
[2025-12-12 09:49:53] Progress: 299/1,113,750 (0.0%) | Available: 277 (92.3%) | Errors: 0
[2025-12-12 09:54:00] Progress: 399/1,113,750 (0.0%) | Available: 375 (93.8%) | Errors: 0
[2025-12-12 09:58:08] Progress: 499/1,113,750 (0.0%) | Available: 470 (94.0%) | Errors: 0
[2025-12-12 10:02:14] Progress: 599/1,113,750 (0.1%) | Available: 568 (94.7%) | Errors: 0
[2025-12-12 10:06:20] Progress: 699/1,113,750 (0.1%) | Available: 664 (94.9%) | Errors: 0
[2025-12-12 10:10:25] Progress: 799/1,113,750 (0.1%) | Available: 762 (95.2%) | Errors: 0
[2025-12-12 10:14:30] Progress: 899/1,113,750 (0.1%) | Available: 861 (95.7%) | Errors: 0
[2025-12-12 10:18:38] Progress: 999/1,113,750 (0.1%) | Available: 957 (95.7%) | Errors: 0
[2025-12-12 10:22:44] Progress: 1,099/1,113,750 (0.1%) | Available: 1,054 (95.8%) | Errors: 0
[2025-12-12 10:26:52] Progress: 1,199/1,113,750 (0.1%) | Available: 1,146 (95.5%) | Errors: 0
[2025-12-12 10:30:58] Progress: 1,299/1,113,750 (0.1%) | Available: 1,243 (95.6%) | Errors: 0
[2025-12-12 10:35:06] Progress: 1,399/1,113,750 (0.1%) | Available: 1,339 (95.6%) | Errors: 0
[2025-12-12 10:39:13] Progress: 1,499/1,113,750 (0.1%) | Available: 1,436 (95.7%) | Errors: 0
[2025-12-12 10:43:26] Progress: 1,599/1,113,750 (0.1%) | Available: 1,532 (95.8%) | Errors: 0
[2025-12-12 10:47:35] Progress: 1,699/1,113,750 (0.2%) | Available: 1,631 (95.9%) | Errors: 0
[2025-12-12 10:51:43] Progress: 1,799/1,113,750 (0.2%) | Available: 1,731 (96.2%) | Errors: 0
[2025-12-12 10:55:48] Progress: 1,899/1,113,750 (0.2%) | Available: 1,829 (96.3%) | Errors: 0
[2025-12-12 10:59:54] Progress: 1,999/1,113,750 (0.2%) | Available: 1,928 (96.4%) | Errors: 0
[2025-12-12 11:04:00] Progress: 2,099/1,113,750 (0.2%) | Available: 2,027 (96.5%) | Errors: 0
[2025-12-12 11:08:05] Progress: 2,199/1,113,750 (0.2%) | Available: 2,126 (96.6%) | Errors: 0
[2025-12-12 11:12:11] Progress: 2,299/1,113,750 (0.2%) | Available: 2,223 (96.7%) | Errors: 0
[2025-12-12 11:16:16] Progress: 2,399/1,113,750 (0.2%) | Available: 2,321 (96.7%) | Errors: 0
[2025-12-12 11:20:22] Progress: 2,499/1,113,750 (0.2%) | Available: 2,419 (96.8%) | Errors: 0
[2025-12-12 11:24:27] Progress: 2,599/1,113,750 (0.2%) | Available: 2,518 (96.8%) | Errors: 0
[2025-12-12 11:28:32] Progress: 2,699/1,113,750 (0.2%) | Available: 2,615 (96.9%) | Errors: 0
[2025-12-12 11:32:38] Progress: 2,799/1,113,750 (0.3%) | Available: 2,712 (96.9%) | Errors: 0
[2025-12-12 11:36:44] Progress: 2,899/1,113,750 (0.3%) | Available: 2,807 (96.8%) | Errors: 0
[2025-12-12 11:40:50] Progress: 2,999/1,113,750 (0.3%) | Available: 2,906 (96.9%) | Errors: 0
[2025-12-12 11:44:55] Progress: 3,099/1,113,750 (0.3%) | Available: 3,004 (96.9%) | Errors: 0
[2025-12-12 11:49:01] Progress: 3,199/1,113,750 (0.3%) | Available: 3,103 (97.0%) | Errors: 0
[2025-12-12 11:53:08] Progress: 3,299/1,113,750 (0.3%) | Available: 3,201 (97.0%) | Errors: 0
[2025-12-12 11:57:14] Progress: 3,399/1,113,750 (0.3%) | Available: 3,299 (97.0%) | Errors: 0
[2025-12-12 12:01:19] Progress: 3,499/1,113,750 (0.3%) | Available: 3,398 (97.1%) | Errors: 0
[2025-12-12 12:05:25] Progress: 3,599/1,113,750 (0.3%) | Available: 3,497 (97.1%) | Errors: 0
[2025-12-12 12:09:31] Progress: 3,699/1,113,750 (0.3%) | Available: 3,597 (97.2%) | Errors: 0
[2025-12-12 12:13:36] Progress: 3,799/1,113,750 (0.3%) | Available: 3,696 (97.3%) | Errors: 0
[2025-12-12 12:17:42] Progress: 3,899/1,113,750 (0.4%) | Available: 3,793 (97.3%) | Errors: 0
[2025-12-12 12:21:48] Progress: 3,999/1,113,750 (0.4%) | Available: 3,889 (97.2%) | Errors: 0
[2025-12-12 12:25:54] Progress: 4,099/1,113,750 (0.4%) | Available: 3,984 (97.2%) | Errors: 0
[2025-12-12 12:29:59] Progress: 4,199/1,113,750 (0.4%) | Available: 4,082 (97.2%) | Errors: 0
[2025-12-12 12:34:04] Progress: 4,299/1,113,750 (0.4%) | Available: 4,180 (97.2%) | Errors: 0
[2025-12-12 12:39:00] Progress: 4,399/1,113,750 (0.4%) | Available: 4,278 (97.2%) | Errors: 0
[2025-12-12 12:43:07] Progress: 4,499/1,113,750 (0.4%) | Available: 4,367 (97.0%) | Errors: 0
[2025-12-12 12:54:29] Progress: 4,599/1,113,750 (0.4%) | Available: 4,461 (97.0%) | Errors: 0
[2025-12-12 12:58:35] Progress: 4,699/1,113,750 (0.4%) | Available: 4,554 (96.9%) | Errors: 0
[2025-12-12 13:02:42] Progress: 4,799/1,113,750 (0.4%) | Available: 4,647 (96.8%) | Errors: 0
[2025-12-12 13:06:48] Progress: 4,899/1,113,750 (0.4%) | Available: 4,742 (96.8%) | Errors: 0
[2025-12-12 13:10:55] Progress: 4,999/1,113,750 (0.4%) | Available: 4,839 (96.8%) | Errors: 0
[2025-12-12 13:10:57] Reached limit of 5000 checks
[2025-12-12 13:10:57] ==================================================
[2025-12-12 13:10:57] Final Stats for .ai:
[2025-12-12 13:10:57]   Checked: 5,000
[2025-12-12 13:10:57]   Available: 4,839
[2025-12-12 13:10:57]   Taken: 161
[2025-12-12 13:10:57]   Errors: 0
[2025-12-12 13:10:57]   Availability Rate: 96.8%
[2025-12-12 13:10:57] ==================================================
[2025-12-12 15:20:29] Loaded 94,974 patterns
[2025-12-12 15:20:29] Resuming from index 0 (0.0%)
[2025-12-12 15:24:35] Progress: 99/94,974 (0.1%) | Available: 57 (57.0%) | Errors: 0
[2025-12-12 15:28:44] Progress: 199/94,974 (0.2%) | Available: 126 (63.0%) | Errors: 0
[2025-12-12 15:33:03] Progress: 299/94,974 (0.3%) | Available: 191 (63.7%) | Errors: 0
[2025-12-12 15:38:29] Progress: 399/94,974 (0.4%) | Available: 262 (65.5%) | Errors: 0
[2025-12-12 15:53:19] Progress: 499/94,974 (0.5%) | Available: 333 (66.6%) | Errors: 0
[2025-12-12 16:04:41] Progress: 599/94,974 (0.6%) | Available: 402 (67.0%) | Errors: 0
[2025-12-12 16:20:17] Progress: 699/94,974 (0.7%) | Available: 467 (66.7%) | Errors: 1
[2025-12-12 16:31:27] Progress: 799/94,974 (0.8%) | Available: 539 (67.4%) | Errors: 1
[2025-12-12 16:35:34] Progress: 899/94,974 (0.9%) | Available: 595 (66.1%) | Errors: 1
[2025-12-12 16:39:42] Progress: 999/94,974 (1.1%) | Available: 658 (65.8%) | Errors: 1
[2025-12-12 16:39:44] Reached limit of 1000 checks
[2025-12-12 16:39:44] ==================================================
[2025-12-12 16:39:44] Final Stats for .ai:
[2025-12-12 16:39:44]   Checked: 1,000
[2025-12-12 16:39:44]   Available: 658
[2025-12-12 16:39:44]   Taken: 341
[2025-12-12 16:39:44]   Errors: 1
[2025-12-12 16:39:44]   Availability Rate: 65.8%
[2025-12-12 16:39:44] ==================================================
